#
# There is insufficient memory for the Java Runtime Environment to continue.
# Native memory allocation (malloc) failed to allocate 1051456 bytes for Chunk::new
# Possible reasons:
#   The system is out of physical RAM or swap space
#   The process is running with CompressedOops enabled, and the Java Heap may be blocking the growth of the native heap
# Possible solutions:
#   Reduce memory load on the system
#   Increase physical memory or swap space
#   Check if swap backing store is full
#   Decrease Java heap size (-Xmx/-Xms)
#   Decrease number of Java threads
#   Decrease Java thread stack sizes (-Xss)
#   Set larger code cache with -XX:ReservedCodeCacheSize=
#   JVM is running with Unscaled Compressed Oops mode in which the Java heap is
#     placed in the first 4GB address space. The Java Heap base address is the
#     maximum limit for the native heap growth. Please use -XX:HeapBaseMinAddress
#     to set the Java Heap base and to place the Java Heap above 4GB virtual address.
# This output file may be truncated or incomplete.
#
#  Out of Memory Error (arena.cpp:168), pid=12360, tid=18732
#
# JRE version: Java(TM) SE Runtime Environment (21.0.2+13) (build 21.0.2+13-LTS-58)
# Java VM: Java HotSpot(TM) 64-Bit Server VM (21.0.2+13-LTS-58, mixed mode, sharing, tiered, compressed oops, compressed class ptrs, g1 gc, windows-amd64)
# No core dump will be written. Minidumps are not enabled by default on client versions of Windows
#

---------------  S U M M A R Y ------------

Command Line: -XX:+ShowCodeDetailsInExceptionMessages newGUILogin

Host: AMD Ryzen 7 6800H with Radeon Graphics         , 16 cores, 7G,  Windows 11 , 64 bit Build 22621 (10.0.22621.3235)
Time: Wed Apr 10 00:38:26 2024 SE Asia Standard Time elapsed time: 0.358803 seconds (0d 0h 0m 0s)

---------------  T H R E A D  ---------------

Current thread (0x0000018b70e56d30):  JavaThread "C2 CompilerThread0" daemon [_thread_in_native, id=18732, stack(0x0000000742400000,0x0000000742500000) (1024K)]


Current CompileTask:
C2:    358  643       4       sun.awt.image.PNGImageDecoder::filterRow (460 bytes)

Stack: [0x0000000742400000,0x0000000742500000]
Native frames: (J=compiled Java code, j=interpreted, Vv=VM code, C=native code)
V  [jvm.dll+0x6cade9]
V  [jvm.dll+0x8569c1]
V  [jvm.dll+0x858d2e]
V  [jvm.dll+0x859413]
V  [jvm.dll+0x280e56]
V  [jvm.dll+0xc3f3d]
V  [jvm.dll+0xc4473]
V  [jvm.dll+0x2f437f]
V  [jvm.dll+0x5f5056]
V  [jvm.dll+0x252d7f]
V  [jvm.dll+0x25315f]
V  [jvm.dll+0x24b8e0]
V  [jvm.dll+0x2490a3]
V  [jvm.dll+0x1c9634]
V  [jvm.dll+0x258859]
V  [jvm.dll+0x256e3a]
V  [jvm.dll+0x3ef6c6]
V  [jvm.dll+0x7ff568]
V  [jvm.dll+0x6c953d]
C  [ucrtbase.dll+0x29363]
C  [KERNEL32.DLL+0x1257d]
C  [ntdll.dll+0x5aa58]


---------------  P R O C E S S  ---------------

Threads class SMR info:
_java_thread_list=0x0000018b75af9070, length=18, elements={
0x0000018b70e43e40, 0x0000018b70e48d70, 0x0000018b70e4c420, 0x0000018b70e4f550,
0x0000018b70e51bd0, 0x0000018b70e52240, 0x0000018b70e56d30, 0x0000018b70e62b50,
0x0000018b70e9df80, 0x0000018b751a52a0, 0x0000018b751a8940, 0x0000018b75323980,
0x0000018b753276e0, 0x0000018b7532dc40, 0x0000018b75b51f60, 0x0000018b75a3cfd0,
0x0000018b75b55190, 0x0000018b51bb9a90
}

Java Threads: ( => current thread )
  0x0000018b70e43e40 JavaThread "Reference Handler"          daemon [_thread_blocked, id=11240, stack(0x0000000741e00000,0x0000000741f00000) (1024K)]
  0x0000018b70e48d70 JavaThread "Finalizer"                  daemon [_thread_blocked, id=16584, stack(0x0000000741f00000,0x0000000742000000) (1024K)]
  0x0000018b70e4c420 JavaThread "Signal Dispatcher"          daemon [_thread_blocked, id=2392, stack(0x0000000742000000,0x0000000742100000) (1024K)]
  0x0000018b70e4f550 JavaThread "Attach Listener"            daemon [_thread_blocked, id=8800, stack(0x0000000742100000,0x0000000742200000) (1024K)]
  0x0000018b70e51bd0 JavaThread "Service Thread"             daemon [_thread_blocked, id=17048, stack(0x0000000742200000,0x0000000742300000) (1024K)]
  0x0000018b70e52240 JavaThread "Monitor Deflation Thread"   daemon [_thread_blocked, id=20780, stack(0x0000000742300000,0x0000000742400000) (1024K)]
=>0x0000018b70e56d30 JavaThread "C2 CompilerThread0"         daemon [_thread_in_native, id=18732, stack(0x0000000742400000,0x0000000742500000) (1024K)]
  0x0000018b70e62b50 JavaThread "C1 CompilerThread0"         daemon [_thread_blocked, id=11668, stack(0x0000000742500000,0x0000000742600000) (1024K)]
  0x0000018b70e9df80 JavaThread "C1 CompilerThread1"         daemon [_thread_blocked, id=10092, stack(0x0000000742600000,0x0000000742700000) (1024K)]
  0x0000018b751a52a0 JavaThread "Notification Thread"        daemon [_thread_blocked, id=2220, stack(0x0000000742700000,0x0000000742800000) (1024K)]
  0x0000018b751a8940 JavaThread "Common-Cleaner"             daemon [_thread_blocked, id=19312, stack(0x0000000742800000,0x0000000742900000) (1024K)]
  0x0000018b75323980 JavaThread "Java2D Disposer"            daemon [_thread_blocked, id=16864, stack(0x0000000742900000,0x0000000742a00000) (1024K)]
  0x0000018b753276e0 JavaThread "AWT-Shutdown"                      [_thread_blocked, id=24020, stack(0x0000000742a00000,0x0000000742b00000) (1024K)]
  0x0000018b7532dc40 JavaThread "AWT-Windows"                daemon [_thread_in_native, id=13340, stack(0x0000000742b00000,0x0000000742c00000) (1024K)]
  0x0000018b75b51f60 JavaThread "Image Fetcher 0"            daemon [_thread_blocked, id=23364, stack(0x0000000742c00000,0x0000000742d00000) (1024K)]
  0x0000018b75a3cfd0 JavaThread "AWT-EventQueue-0"                  [_thread_in_native, id=16860, stack(0x0000000742d00000,0x0000000742e00000) (1024K)]
  0x0000018b75b55190 JavaThread "C2 CompilerThread1"         daemon [_thread_blocked, id=23084, stack(0x0000000742e00000,0x0000000742f00000) (1024K)]
  0x0000018b51bb9a90 JavaThread "DestroyJavaVM"                     [_thread_blocked, id=12420, stack(0x0000000741600000,0x0000000741700000) (1024K)]
Total: 18

Other Threads:
  0x0000018b70e280f0 VMThread "VM Thread"                           [id=14356, stack(0x0000000741d00000,0x0000000741e00000) (1024K)]
  0x0000018b70e0f6e0 WatcherThread "VM Periodic Task Thread"        [id=10292, stack(0x0000000741c00000,0x0000000741d00000) (1024K)]
  0x0000018b51e06820 WorkerThread "GC Thread#0"                     [id=11156, stack(0x0000000741700000,0x0000000741800000) (1024K)]
  0x0000018b51e161b0 ConcurrentGCThread "G1 Main Marker"            [id=13236, stack(0x0000000741800000,0x0000000741900000) (1024K)]
  0x0000018b51e1b080 WorkerThread "G1 Conc#0"                       [id=23804, stack(0x0000000741900000,0x0000000741a00000) (1024K)]
  0x0000018b70ce30f0 ConcurrentGCThread "G1 Refine#0"               [id=17920, stack(0x0000000741a00000,0x0000000741b00000) (1024K)]
  0x0000018b70ce3c60 ConcurrentGCThread "G1 Service"                [id=22784, stack(0x0000000741b00000,0x0000000741c00000) (1024K)]
Total: 7

Threads with active compile tasks:
C2 CompilerThread0      412  643       4       sun.awt.image.PNGImageDecoder::filterRow (460 bytes)
Total: 1

VM state: not at safepoint (normal execution)

VM Mutex/Monitor currently owned by a thread: None

Heap address: 0x000000008c000000, size: 1856 MB, Compressed Oops mode: 32-bit

CDS archive(s) mapped at: [0x0000018b00000000-0x0000018b00c90000-0x0000018b00c90000), size 13172736, SharedBaseAddress: 0x0000018b00000000, ArchiveRelocationMode: 1.
Compressed class space mapped at: 0x0000018b01000000-0x0000018b41000000, reserved size: 1073741824
Narrow klass base: 0x0000018b00000000, Narrow klass shift: 0, Narrow klass range: 0x100000000

GC Precious Log:
 CardTable entry size: 512
 Card Set container configuration: InlinePtr #cards 5 size 8 Array Of Cards #cards 12 size 40 Howl #buckets 4 coarsen threshold 1843 Howl Bitmap #cards 512 size 80 coarsen threshold 460 Card regions per heap region 1 cards per card region 2048
 CPUs: 16 total, 16 available
 Memory: 7421M
 Large Page Support: Disabled
 NUMA Support: Disabled
 Compressed Oops: Enabled (32-bit)
 Heap Region Size: 1M
 Heap Min Capacity: 8M
 Heap Initial Capacity: 116M
 Heap Max Capacity: 1856M
 Pre-touch: Disabled
 Parallel Workers: 13
 Concurrent Workers: 3
 Concurrent Refinement Workers: 13
 Periodic GC: Disabled

Heap:
 garbage-first heap   total 118784K, used 25600K [0x000000008c000000, 0x0000000100000000)
  region size 1024K, 14 young (14336K), 0 survivors (0K)
 Metaspace       used 7933K, committed 8192K, reserved 1114112K
  class space    used 895K, committed 1024K, reserved 1048576K

Heap Regions: E=young(eden), S=young(survivor), O=old, HS=humongous(starts), HC=humongous(continues), CS=collection set, F=free, TAMS=top-at-mark-start, PB=parsable bottom
|   0|0x000000008c000000, 0x000000008c100000, 0x000000008c100000|100%|HS|  |TAMS 0x000000008c000000| PB 0x000000008c000000| Complete 
|   1|0x000000008c100000, 0x000000008c200000, 0x000000008c200000|100%|HC|  |TAMS 0x000000008c100000| PB 0x000000008c100000| Complete 
|   2|0x000000008c200000, 0x000000008c300000, 0x000000008c300000|100%|HC|  |TAMS 0x000000008c200000| PB 0x000000008c200000| Complete 
|   3|0x000000008c300000, 0x000000008c400000, 0x000000008c400000|100%|HC|  |TAMS 0x000000008c300000| PB 0x000000008c300000| Complete 
|   4|0x000000008c400000, 0x000000008c500000, 0x000000008c500000|100%|HC|  |TAMS 0x000000008c400000| PB 0x000000008c400000| Complete 
|   5|0x000000008c500000, 0x000000008c600000, 0x000000008c600000|100%|HC|  |TAMS 0x000000008c500000| PB 0x000000008c500000| Complete 
|   6|0x000000008c600000, 0x000000008c700000, 0x000000008c700000|100%|HS|  |TAMS 0x000000008c600000| PB 0x000000008c600000| Complete 
|   7|0x000000008c700000, 0x000000008c800000, 0x000000008c800000|100%|HC|  |TAMS 0x000000008c700000| PB 0x000000008c700000| Complete 
|   8|0x000000008c800000, 0x000000008c900000, 0x000000008c900000|100%|HC|  |TAMS 0x000000008c800000| PB 0x000000008c800000| Complete 
|   9|0x000000008c900000, 0x000000008ca00000, 0x000000008ca00000|100%|HC|  |TAMS 0x000000008c900000| PB 0x000000008c900000| Complete 
|  10|0x000000008ca00000, 0x000000008cb00000, 0x000000008cb00000|100%|HC|  |TAMS 0x000000008ca00000| PB 0x000000008ca00000| Complete 
|  11|0x000000008cb00000, 0x000000008cc00000, 0x000000008cc00000|100%|HC|  |TAMS 0x000000008cb00000| PB 0x000000008cb00000| Complete 
|  12|0x000000008cc00000, 0x000000008cc00000, 0x000000008cd00000|  0%| F|  |TAMS 0x000000008cc00000| PB 0x000000008cc00000| Untracked 
|  13|0x000000008cd00000, 0x000000008cd00000, 0x000000008ce00000|  0%| F|  |TAMS 0x000000008cd00000| PB 0x000000008cd00000| Untracked 
|  14|0x000000008ce00000, 0x000000008ce00000, 0x000000008cf00000|  0%| F|  |TAMS 0x000000008ce00000| PB 0x000000008ce00000| Untracked 
|  15|0x000000008cf00000, 0x000000008cf00000, 0x000000008d000000|  0%| F|  |TAMS 0x000000008cf00000| PB 0x000000008cf00000| Untracked 
|  16|0x000000008d000000, 0x000000008d000000, 0x000000008d100000|  0%| F|  |TAMS 0x000000008d000000| PB 0x000000008d000000| Untracked 
|  17|0x000000008d100000, 0x000000008d100000, 0x000000008d200000|  0%| F|  |TAMS 0x000000008d100000| PB 0x000000008d100000| Untracked 
|  18|0x000000008d200000, 0x000000008d200000, 0x000000008d300000|  0%| F|  |TAMS 0x000000008d200000| PB 0x000000008d200000| Untracked 
|  19|0x000000008d300000, 0x000000008d300000, 0x000000008d400000|  0%| F|  |TAMS 0x000000008d300000| PB 0x000000008d300000| Untracked 
|  20|0x000000008d400000, 0x000000008d400000, 0x000000008d500000|  0%| F|  |TAMS 0x000000008d400000| PB 0x000000008d400000| Untracked 
|  21|0x000000008d500000, 0x000000008d500000, 0x000000008d600000|  0%| F|  |TAMS 0x000000008d500000| PB 0x000000008d500000| Untracked 
|  22|0x000000008d600000, 0x000000008d600000, 0x000000008d700000|  0%| F|  |TAMS 0x000000008d600000| PB 0x000000008d600000| Untracked 
|  23|0x000000008d700000, 0x000000008d700000, 0x000000008d800000|  0%| F|  |TAMS 0x000000008d700000| PB 0x000000008d700000| Untracked 
|  24|0x000000008d800000, 0x000000008d800000, 0x000000008d900000|  0%| F|  |TAMS 0x000000008d800000| PB 0x000000008d800000| Untracked 
|  25|0x000000008d900000, 0x000000008d900000, 0x000000008da00000|  0%| F|  |TAMS 0x000000008d900000| PB 0x000000008d900000| Untracked 
|  26|0x000000008da00000, 0x000000008da00000, 0x000000008db00000|  0%| F|  |TAMS 0x000000008da00000| PB 0x000000008da00000| Untracked 
|  27|0x000000008db00000, 0x000000008db00000, 0x000000008dc00000|  0%| F|  |TAMS 0x000000008db00000| PB 0x000000008db00000| Untracked 
|  28|0x000000008dc00000, 0x000000008dc00000, 0x000000008dd00000|  0%| F|  |TAMS 0x000000008dc00000| PB 0x000000008dc00000| Untracked 
|  29|0x000000008dd00000, 0x000000008dd00000, 0x000000008de00000|  0%| F|  |TAMS 0x000000008dd00000| PB 0x000000008dd00000| Untracked 
|  30|0x000000008de00000, 0x000000008de00000, 0x000000008df00000|  0%| F|  |TAMS 0x000000008de00000| PB 0x000000008de00000| Untracked 
|  31|0x000000008df00000, 0x000000008df00000, 0x000000008e000000|  0%| F|  |TAMS 0x000000008df00000| PB 0x000000008df00000| Untracked 
|  32|0x000000008e000000, 0x000000008e000000, 0x000000008e100000|  0%| F|  |TAMS 0x000000008e000000| PB 0x000000008e000000| Untracked 
|  33|0x000000008e100000, 0x000000008e100000, 0x000000008e200000|  0%| F|  |TAMS 0x000000008e100000| PB 0x000000008e100000| Untracked 
|  34|0x000000008e200000, 0x000000008e200000, 0x000000008e300000|  0%| F|  |TAMS 0x000000008e200000| PB 0x000000008e200000| Untracked 
|  35|0x000000008e300000, 0x000000008e300000, 0x000000008e400000|  0%| F|  |TAMS 0x000000008e300000| PB 0x000000008e300000| Untracked 
|  36|0x000000008e400000, 0x000000008e400000, 0x000000008e500000|  0%| F|  |TAMS 0x000000008e400000| PB 0x000000008e400000| Untracked 
|  37|0x000000008e500000, 0x000000008e500000, 0x000000008e600000|  0%| F|  |TAMS 0x000000008e500000| PB 0x000000008e500000| Untracked 
|  38|0x000000008e600000, 0x000000008e600000, 0x000000008e700000|  0%| F|  |TAMS 0x000000008e600000| PB 0x000000008e600000| Untracked 
|  39|0x000000008e700000, 0x000000008e700000, 0x000000008e800000|  0%| F|  |TAMS 0x000000008e700000| PB 0x000000008e700000| Untracked 
|  40|0x000000008e800000, 0x000000008e800000, 0x000000008e900000|  0%| F|  |TAMS 0x000000008e800000| PB 0x000000008e800000| Untracked 
|  41|0x000000008e900000, 0x000000008e900000, 0x000000008ea00000|  0%| F|  |TAMS 0x000000008e900000| PB 0x000000008e900000| Untracked 
|  42|0x000000008ea00000, 0x000000008ea00000, 0x000000008eb00000|  0%| F|  |TAMS 0x000000008ea00000| PB 0x000000008ea00000| Untracked 
|  43|0x000000008eb00000, 0x000000008eb00000, 0x000000008ec00000|  0%| F|  |TAMS 0x000000008eb00000| PB 0x000000008eb00000| Untracked 
|  44|0x000000008ec00000, 0x000000008ec00000, 0x000000008ed00000|  0%| F|  |TAMS 0x000000008ec00000| PB 0x000000008ec00000| Untracked 
|  45|0x000000008ed00000, 0x000000008ed00000, 0x000000008ee00000|  0%| F|  |TAMS 0x000000008ed00000| PB 0x000000008ed00000| Untracked 
|  46|0x000000008ee00000, 0x000000008ee00000, 0x000000008ef00000|  0%| F|  |TAMS 0x000000008ee00000| PB 0x000000008ee00000| Untracked 
|  47|0x000000008ef00000, 0x000000008ef00000, 0x000000008f000000|  0%| F|  |TAMS 0x000000008ef00000| PB 0x000000008ef00000| Untracked 
|  48|0x000000008f000000, 0x000000008f000000, 0x000000008f100000|  0%| F|  |TAMS 0x000000008f000000| PB 0x000000008f000000| Untracked 
|  49|0x000000008f100000, 0x000000008f100000, 0x000000008f200000|  0%| F|  |TAMS 0x000000008f100000| PB 0x000000008f100000| Untracked 
|  50|0x000000008f200000, 0x000000008f200000, 0x000000008f300000|  0%| F|  |TAMS 0x000000008f200000| PB 0x000000008f200000| Untracked 
|  51|0x000000008f300000, 0x000000008f300000, 0x000000008f400000|  0%| F|  |TAMS 0x000000008f300000| PB 0x000000008f300000| Untracked 
|  52|0x000000008f400000, 0x000000008f400000, 0x000000008f500000|  0%| F|  |TAMS 0x000000008f400000| PB 0x000000008f400000| Untracked 
|  53|0x000000008f500000, 0x000000008f500000, 0x000000008f600000|  0%| F|  |TAMS 0x000000008f500000| PB 0x000000008f500000| Untracked 
|  54|0x000000008f600000, 0x000000008f600000, 0x000000008f700000|  0%| F|  |TAMS 0x000000008f600000| PB 0x000000008f600000| Untracked 
|  55|0x000000008f700000, 0x000000008f700000, 0x000000008f800000|  0%| F|  |TAMS 0x000000008f700000| PB 0x000000008f700000| Untracked 
|  56|0x000000008f800000, 0x000000008f800000, 0x000000008f900000|  0%| F|  |TAMS 0x000000008f800000| PB 0x000000008f800000| Untracked 
|  57|0x000000008f900000, 0x000000008f900000, 0x000000008fa00000|  0%| F|  |TAMS 0x000000008f900000| PB 0x000000008f900000| Untracked 
|  58|0x000000008fa00000, 0x000000008fa00000, 0x000000008fb00000|  0%| F|  |TAMS 0x000000008fa00000| PB 0x000000008fa00000| Untracked 
|  59|0x000000008fb00000, 0x000000008fb00000, 0x000000008fc00000|  0%| F|  |TAMS 0x000000008fb00000| PB 0x000000008fb00000| Untracked 
|  60|0x000000008fc00000, 0x000000008fc00000, 0x000000008fd00000|  0%| F|  |TAMS 0x000000008fc00000| PB 0x000000008fc00000| Untracked 
|  61|0x000000008fd00000, 0x000000008fd00000, 0x000000008fe00000|  0%| F|  |TAMS 0x000000008fd00000| PB 0x000000008fd00000| Untracked 
|  62|0x000000008fe00000, 0x000000008fe00000, 0x000000008ff00000|  0%| F|  |TAMS 0x000000008fe00000| PB 0x000000008fe00000| Untracked 
|  63|0x000000008ff00000, 0x000000008ff00000, 0x0000000090000000|  0%| F|  |TAMS 0x000000008ff00000| PB 0x000000008ff00000| Untracked 
|  64|0x0000000090000000, 0x0000000090000000, 0x0000000090100000|  0%| F|  |TAMS 0x0000000090000000| PB 0x0000000090000000| Untracked 
|  65|0x0000000090100000, 0x0000000090100000, 0x0000000090200000|  0%| F|  |TAMS 0x0000000090100000| PB 0x0000000090100000| Untracked 
|  66|0x0000000090200000, 0x0000000090200000, 0x0000000090300000|  0%| F|  |TAMS 0x0000000090200000| PB 0x0000000090200000| Untracked 
|  67|0x0000000090300000, 0x0000000090300000, 0x0000000090400000|  0%| F|  |TAMS 0x0000000090300000| PB 0x0000000090300000| Untracked 
|  68|0x0000000090400000, 0x0000000090400000, 0x0000000090500000|  0%| F|  |TAMS 0x0000000090400000| PB 0x0000000090400000| Untracked 
|  69|0x0000000090500000, 0x0000000090500000, 0x0000000090600000|  0%| F|  |TAMS 0x0000000090500000| PB 0x0000000090500000| Untracked 
|  70|0x0000000090600000, 0x0000000090600000, 0x0000000090700000|  0%| F|  |TAMS 0x0000000090600000| PB 0x0000000090600000| Untracked 
|  71|0x0000000090700000, 0x0000000090700000, 0x0000000090800000|  0%| F|  |TAMS 0x0000000090700000| PB 0x0000000090700000| Untracked 
|  72|0x0000000090800000, 0x0000000090800000, 0x0000000090900000|  0%| F|  |TAMS 0x0000000090800000| PB 0x0000000090800000| Untracked 
|  73|0x0000000090900000, 0x0000000090900000, 0x0000000090a00000|  0%| F|  |TAMS 0x0000000090900000| PB 0x0000000090900000| Untracked 
|  74|0x0000000090a00000, 0x0000000090a00000, 0x0000000090b00000|  0%| F|  |TAMS 0x0000000090a00000| PB 0x0000000090a00000| Untracked 
|  75|0x0000000090b00000, 0x0000000090b00000, 0x0000000090c00000|  0%| F|  |TAMS 0x0000000090b00000| PB 0x0000000090b00000| Untracked 
|  76|0x0000000090c00000, 0x0000000090c00000, 0x0000000090d00000|  0%| F|  |TAMS 0x0000000090c00000| PB 0x0000000090c00000| Untracked 
|  77|0x0000000090d00000, 0x0000000090d00000, 0x0000000090e00000|  0%| F|  |TAMS 0x0000000090d00000| PB 0x0000000090d00000| Untracked 
|  78|0x0000000090e00000, 0x0000000090e00000, 0x0000000090f00000|  0%| F|  |TAMS 0x0000000090e00000| PB 0x0000000090e00000| Untracked 
|  79|0x0000000090f00000, 0x0000000090f00000, 0x0000000091000000|  0%| F|  |TAMS 0x0000000090f00000| PB 0x0000000090f00000| Untracked 
|  80|0x0000000091000000, 0x0000000091000000, 0x0000000091100000|  0%| F|  |TAMS 0x0000000091000000| PB 0x0000000091000000| Untracked 
|  81|0x0000000091100000, 0x0000000091100000, 0x0000000091200000|  0%| F|  |TAMS 0x0000000091100000| PB 0x0000000091100000| Untracked 
|  82|0x0000000091200000, 0x0000000091200000, 0x0000000091300000|  0%| F|  |TAMS 0x0000000091200000| PB 0x0000000091200000| Untracked 
|  83|0x0000000091300000, 0x0000000091300000, 0x0000000091400000|  0%| F|  |TAMS 0x0000000091300000| PB 0x0000000091300000| Untracked 
|  84|0x0000000091400000, 0x0000000091400000, 0x0000000091500000|  0%| F|  |TAMS 0x0000000091400000| PB 0x0000000091400000| Untracked 
|  85|0x0000000091500000, 0x0000000091500000, 0x0000000091600000|  0%| F|  |TAMS 0x0000000091500000| PB 0x0000000091500000| Untracked 
|  86|0x0000000091600000, 0x0000000091600000, 0x0000000091700000|  0%| F|  |TAMS 0x0000000091600000| PB 0x0000000091600000| Untracked 
|  87|0x0000000091700000, 0x0000000091700000, 0x0000000091800000|  0%| F|  |TAMS 0x0000000091700000| PB 0x0000000091700000| Untracked 
|  88|0x0000000091800000, 0x0000000091800000, 0x0000000091900000|  0%| F|  |TAMS 0x0000000091800000| PB 0x0000000091800000| Untracked 
|  89|0x0000000091900000, 0x0000000091900000, 0x0000000091a00000|  0%| F|  |TAMS 0x0000000091900000| PB 0x0000000091900000| Untracked 
|  90|0x0000000091a00000, 0x0000000091a00000, 0x0000000091b00000|  0%| F|  |TAMS 0x0000000091a00000| PB 0x0000000091a00000| Untracked 
|  91|0x0000000091b00000, 0x0000000091b00000, 0x0000000091c00000|  0%| F|  |TAMS 0x0000000091b00000| PB 0x0000000091b00000| Untracked 
|  92|0x0000000091c00000, 0x0000000091c00000, 0x0000000091d00000|  0%| F|  |TAMS 0x0000000091c00000| PB 0x0000000091c00000| Untracked 
|  93|0x0000000091d00000, 0x0000000091d00000, 0x0000000091e00000|  0%| F|  |TAMS 0x0000000091d00000| PB 0x0000000091d00000| Untracked 
|  94|0x0000000091e00000, 0x0000000091e00000, 0x0000000091f00000|  0%| F|  |TAMS 0x0000000091e00000| PB 0x0000000091e00000| Untracked 
|  95|0x0000000091f00000, 0x0000000091f00000, 0x0000000092000000|  0%| F|  |TAMS 0x0000000091f00000| PB 0x0000000091f00000| Untracked 
|  96|0x0000000092000000, 0x0000000092000000, 0x0000000092100000|  0%| F|  |TAMS 0x0000000092000000| PB 0x0000000092000000| Untracked 
|  97|0x0000000092100000, 0x0000000092100000, 0x0000000092200000|  0%| F|  |TAMS 0x0000000092100000| PB 0x0000000092100000| Untracked 
|  98|0x0000000092200000, 0x0000000092200000, 0x0000000092300000|  0%| F|  |TAMS 0x0000000092200000| PB 0x0000000092200000| Untracked 
|  99|0x0000000092300000, 0x0000000092300000, 0x0000000092400000|  0%| F|  |TAMS 0x0000000092300000| PB 0x0000000092300000| Untracked 
| 100|0x0000000092400000, 0x0000000092400000, 0x0000000092500000|  0%| F|  |TAMS 0x0000000092400000| PB 0x0000000092400000| Untracked 
| 101|0x0000000092500000, 0x0000000092500000, 0x0000000092600000|  0%| F|  |TAMS 0x0000000092500000| PB 0x0000000092500000| Untracked 
| 102|0x0000000092600000, 0x0000000092678af8, 0x0000000092700000| 47%| E|  |TAMS 0x0000000092600000| PB 0x0000000092600000| Complete 
| 103|0x0000000092700000, 0x0000000092800000, 0x0000000092800000|100%| E|CS|TAMS 0x0000000092700000| PB 0x0000000092700000| Complete 
| 104|0x0000000092800000, 0x0000000092900000, 0x0000000092900000|100%| E|CS|TAMS 0x0000000092800000| PB 0x0000000092800000| Complete 
| 105|0x0000000092900000, 0x0000000092a00000, 0x0000000092a00000|100%| E|CS|TAMS 0x0000000092900000| PB 0x0000000092900000| Complete 
| 106|0x0000000092a00000, 0x0000000092b00000, 0x0000000092b00000|100%| E|CS|TAMS 0x0000000092a00000| PB 0x0000000092a00000| Complete 
| 107|0x0000000092b00000, 0x0000000092c00000, 0x0000000092c00000|100%| E|CS|TAMS 0x0000000092b00000| PB 0x0000000092b00000| Complete 
| 108|0x0000000092c00000, 0x0000000092d00000, 0x0000000092d00000|100%| E|CS|TAMS 0x0000000092c00000| PB 0x0000000092c00000| Complete 
| 109|0x0000000092d00000, 0x0000000092e00000, 0x0000000092e00000|100%| E|CS|TAMS 0x0000000092d00000| PB 0x0000000092d00000| Complete 
| 110|0x0000000092e00000, 0x0000000092f00000, 0x0000000092f00000|100%| E|CS|TAMS 0x0000000092e00000| PB 0x0000000092e00000| Complete 
| 111|0x0000000092f00000, 0x0000000093000000, 0x0000000093000000|100%| E|CS|TAMS 0x0000000092f00000| PB 0x0000000092f00000| Complete 
| 112|0x0000000093000000, 0x0000000093100000, 0x0000000093100000|100%| E|CS|TAMS 0x0000000093000000| PB 0x0000000093000000| Complete 
| 113|0x0000000093100000, 0x0000000093200000, 0x0000000093200000|100%| E|CS|TAMS 0x0000000093100000| PB 0x0000000093100000| Complete 
| 114|0x0000000093200000, 0x0000000093300000, 0x0000000093300000|100%| E|CS|TAMS 0x0000000093200000| PB 0x0000000093200000| Complete 
| 115|0x0000000093300000, 0x0000000093400000, 0x0000000093400000|100%| E|CS|TAMS 0x0000000093300000| PB 0x0000000093300000| Complete 

Card table byte_map: [0x0000018b6bd70000,0x0000018b6c110000] _byte_map_base: 0x0000018b6b910000

Marking Bits: (CMBitMap*) 0x0000018b51e06f20
 Bits: [0x0000018b6c110000, 0x0000018b6de10000)

Polling page: 0x0000018b51e80000

Metaspace:

Usage:
  Non-class:      6.93 MB used.
      Class:    903.18 KB used.
       Both:      7.81 MB used.

Virtual space:
  Non-class space:       64.00 MB reserved,       7.06 MB ( 11%) committed,  1 nodes.
      Class space:        1.00 GB reserved,       1.00 MB ( <1%) committed,  1 nodes.
             Both:        1.06 GB reserved,       8.06 MB ( <1%) committed. 

Chunk freelists:
   Non-Class:  8.98 MB
       Class:  15.05 MB
        Both:  24.02 MB

MaxMetaspaceSize: unlimited
CompressedClassSpaceSize: 1.00 GB
Initial GC threshold: 21.00 MB
Current GC threshold: 21.00 MB
CDS: on
 - commit_granule_bytes: 65536.
 - commit_granule_words: 8192.
 - virtual_space_node_default_size: 8388608.
 - enlarge_chunks_in_place: 1.
 - use_allocation_guard: 0.


Internal statistics:

num_allocs_failed_limit: 0.
num_arena_births: 148.
num_arena_deaths: 0.
num_vsnodes_births: 2.
num_vsnodes_deaths: 0.
num_space_committed: 129.
num_space_uncommitted: 0.
num_chunks_returned_to_freelist: 0.
num_chunks_taken_from_freelist: 186.
num_chunk_merges: 0.
num_chunk_splits: 111.
num_chunks_enlarged: 42.
num_inconsistent_stats: 0.

CodeHeap 'non-profiled nmethods': size=119168Kb used=193Kb max_used=193Kb free=118974Kb
 bounds [0x0000018b635b0000, 0x0000018b63820000, 0x0000018b6aa10000]
CodeHeap 'profiled nmethods': size=119104Kb used=1272Kb max_used=1272Kb free=117831Kb
 bounds [0x0000018b5ba10000, 0x0000018b5bc80000, 0x0000018b62e60000]
CodeHeap 'non-nmethods': size=7488Kb used=2112Kb max_used=2112Kb free=5375Kb
 bounds [0x0000018b62e60000, 0x0000018b630d0000, 0x0000018b635b0000]
 total_blobs=1420 nmethods=803 adapters=521
 compilation: enabled
              stopped_count=0, restarted_count=0
 full_count=0

Compilation events (20 events):
Event: 0.345 Thread 0x0000018b70e9df80 nmethod 742 0x0000018b5bb3af90 code [0x0000018b5bb3b120, 0x0000018b5bb3b240]
Event: 0.345 Thread 0x0000018b70e9df80  744       3       java.util.ArrayList::get (15 bytes)
Event: 0.345 Thread 0x0000018b70e9df80 nmethod 744 0x0000018b5bb3b310 code [0x0000018b5bb3b4c0, 0x0000018b5bb3b718]
Event: 0.345 Thread 0x0000018b70e62b50 nmethod 743 0x0000018b5bb3b890 code [0x0000018b5bb3baa0, 0x0000018b5bb3c260]
Event: 0.345 Thread 0x0000018b70e9df80  745       3       java.util.Objects::checkIndex (7 bytes)
Event: 0.345 Thread 0x0000018b70e62b50  746       3       java.util.ArrayList::elementData (7 bytes)
Event: 0.345 Thread 0x0000018b70e9df80 nmethod 745 0x0000018b5bb3c490 code [0x0000018b5bb3c640, 0x0000018b5bb3c778]
Event: 0.345 Thread 0x0000018b70e9df80  747       3       java.awt.Component::isLightweight (8 bytes)
Event: 0.345 Thread 0x0000018b70e62b50 nmethod 746 0x0000018b5bb3c810 code [0x0000018b5bb3c9c0, 0x0000018b5bb3caf8]
Event: 0.345 Thread 0x0000018b70e9df80 nmethod 747 0x0000018b5bb3cc10 code [0x0000018b5bb3cdc0, 0x0000018b5bb3cfe8]
Event: 0.348 Thread 0x0000018b70e9df80  748       3       java.awt.Component::isValid (20 bytes)
Event: 0.348 Thread 0x0000018b70e62b50  749       3       java.awt.Component::getParent (5 bytes)
Event: 0.348 Thread 0x0000018b70e62b50 nmethod 749 0x0000018b5bb3d090 code [0x0000018b5bb3d220, 0x0000018b5bb3d340]
Event: 0.348 Thread 0x0000018b70e9df80 nmethod 748 0x0000018b5bb3d410 code [0x0000018b5bb3d5c0, 0x0000018b5bb3d760]
Event: 0.348 Thread 0x0000018b70e62b50  750       1       java.awt.Component::getX (5 bytes)
Event: 0.348 Thread 0x0000018b70e9df80  751       1       java.awt.Component::getY (5 bytes)
Event: 0.348 Thread 0x0000018b70e62b50 nmethod 750 0x0000018b635ddb90 code [0x0000018b635ddd20, 0x0000018b635ddde8]
Event: 0.348 Thread 0x0000018b70e9df80 nmethod 751 0x0000018b635dde90 code [0x0000018b635de020, 0x0000018b635de0e8]
Event: 0.349 Thread 0x0000018b70e9df80  753       3       java.awt.Component::isShowing (38 bytes)
Event: 0.349 Thread 0x0000018b70e9df80 nmethod 753 0x0000018b5bb3d810 code [0x0000018b5bb3d9e0, 0x0000018b5bb3dce0]

GC Heap History (0 events):
No events

Dll operation events (10 events):
Event: 0.006 Loaded shared library C:\Program Files\Java\jdk-21\bin\java.dll
Event: 0.032 Loaded shared library C:\Program Files\Java\jdk-21\bin\jsvml.dll
Event: 0.055 Loaded shared library C:\Program Files\Java\jdk-21\bin\jimage.dll
Event: 0.059 Loaded shared library C:\Program Files\Java\jdk-21\bin\net.dll
Event: 0.061 Loaded shared library C:\Program Files\Java\jdk-21\bin\nio.dll
Event: 0.063 Loaded shared library C:\Program Files\Java\jdk-21\bin\zip.dll
Event: 0.074 Loaded shared library C:\Program Files\Java\jdk-21\bin\awt.dll
Event: 0.271 Loaded shared library C:\Program Files\Java\jdk-21\bin\javajpeg.dll
Event: 0.311 Loaded shared library C:\Program Files\Java\jdk-21\bin\freetype.dll
Event: 0.312 Loaded shared library C:\Program Files\Java\jdk-21\bin\fontmanager.dll

Deoptimization events (10 events):
Event: 0.262 Thread 0x0000018b51bb9a90 Uncommon trap: trap_request=0xffffff45 fr.pc=0x0000018b635d0828 relative=0x0000000000000188
Event: 0.262 Thread 0x0000018b51bb9a90 Uncommon trap: reason=unstable_if action=reinterpret pc=0x0000018b635d0828 method=java.lang.String.equals(Ljava/lang/Object;)Z @ 33 c2
Event: 0.262 Thread 0x0000018b51bb9a90 DEOPT PACKING pc=0x0000018b635d0828 sp=0x00000007416ff270
Event: 0.262 Thread 0x0000018b51bb9a90 DEOPT UNPACKING pc=0x0000018b62eb46a2 sp=0x00000007416ff200 mode 2
Event: 0.293 Thread 0x0000018b75b51f60 DEOPT PACKING pc=0x0000018b5baf4dad sp=0x0000000742cff3c0
Event: 0.293 Thread 0x0000018b75b51f60 DEOPT UNPACKING pc=0x0000018b62eb4e42 sp=0x0000000742cfe860 mode 0
Event: 0.293 Thread 0x0000018b75b51f60 DEOPT PACKING pc=0x0000018b5baf4dad sp=0x0000000742cff3c0
Event: 0.293 Thread 0x0000018b75b51f60 DEOPT UNPACKING pc=0x0000018b62eb4e42 sp=0x0000000742cfe860 mode 0
Event: 0.293 Thread 0x0000018b75b51f60 DEOPT PACKING pc=0x0000018b5baf4dad sp=0x0000000742cff3c0
Event: 0.293 Thread 0x0000018b75b51f60 DEOPT UNPACKING pc=0x0000018b62eb4e42 sp=0x0000000742cfe860 mode 0

Classes loaded (20 events):
Event: 0.352 Loading class java/awt/SequencedEvent$1
Event: 0.352 Loading class sun/awt/AWTAccessor$SequencedEventAccessor
Event: 0.352 Loading class sun/awt/AWTAccessor$SequencedEventAccessor done
Event: 0.352 Loading class java/awt/SequencedEvent$1 done
Event: 0.352 Loading class java/awt/SequencedEvent$2
Event: 0.352 Loading class java/awt/SequencedEvent$2 done
Event: 0.352 Loading class java/awt/event/PaintEvent
Event: 0.352 Loading class java/awt/event/PaintEvent done
Event: 0.352 Loading class java/awt/event/MouseEvent
Event: 0.352 Loading class java/awt/event/MouseEvent done
Event: 0.352 Loading class java/awt/EventQueue$5
Event: 0.352 Loading class java/awt/EventQueue$5 done
Event: 0.352 Loading class sun/awt/dnd/SunDropTargetEvent
Event: 0.352 Loading class sun/awt/dnd/SunDropTargetEvent done
Event: 0.353 Loading class java/awt/DefaultKeyboardFocusManager$DefaultKeyboardFocusManagerSentEvent
Event: 0.353 Loading class java/awt/SentEvent
Event: 0.353 Loading class java/awt/SentEvent done
Event: 0.353 Loading class java/awt/DefaultKeyboardFocusManager$DefaultKeyboardFocusManagerSentEvent done
Event: 0.353 Loading class java/awt/event/FocusEvent
Event: 0.353 Loading class java/awt/event/FocusEvent done

Classes unloaded (0 events):
No events

Classes redefined (0 events):
No events

Internal exceptions (11 events):
Event: 0.067 Thread 0x0000018b51bb9a90 Exception <a 'java/lang/ClassNotFoundException'{0x00000000932e7610}: sun/awt/resources/spi/awtProvider> (0x00000000932e7610) 
thrown [s\open\src\hotspot\share\classfile\systemDictionary.cpp, line 312]
Event: 0.081 Thread 0x0000018b51bb9a90 Exception <a 'java/io/FileNotFoundException'{0x0000000093164048}> (0x0000000093164048) 
thrown [s\open\src\hotspot\share\prims\jni.cpp, line 520]
Event: 0.084 Thread 0x0000018b51bb9a90 Exception <a 'java/io/FileNotFoundException'{0x000000009318e2a0}> (0x000000009318e2a0) 
thrown [s\open\src\hotspot\share\prims\jni.cpp, line 520]
Event: 0.202 Thread 0x0000018b51bb9a90 Exception <a 'java/lang/NoSuchMethodError'{0x000000009302bb20}: 'void java.lang.invoke.DirectMethodHandle$Holder.invokeSpecial(java.lang.Object, java.lang.Object, java.lang.Object)'> (0x000000009302bb20) 
thrown [s\open\src\hotspot\share\interpreter\linkResolver.cpp, line 773]
Event: 0.207 Thread 0x0000018b51bb9a90 Exception <a 'java/lang/NoSuchMethodError'{0x00000000930514b0}: 'java.lang.Object java.lang.invoke.DirectMethodHandle$Holder.newInvokeSpecial(java.lang.Object, java.lang.Object, java.lang.Object, java.lang.Object, java.lang.Object)'> (0x00000000930514b0) 
thrown [s\open\src\hotspot\share\interpreter\linkResolver.cpp, line 773]
Event: 0.210 Thread 0x0000018b51bb9a90 Exception <a 'java/lang/NoSuchMethodError'{0x00000000930f2f70}: 'java.lang.Object java.lang.invoke.DirectMethodHandle$Holder.invokeStatic(java.lang.Object, int, java.lang.Object)'> (0x00000000930f2f70) 
thrown [s\open\src\hotspot\share\interpreter\linkResolver.cpp, line 773]
Event: 0.223 Thread 0x0000018b51bb9a90 Exception <a 'java/lang/ClassNotFoundException'{0x0000000092e090a0}: com/sun/swing/internal/plaf/metal/resources/spi/metalProvider> (0x0000000092e090a0) 
thrown [s\open\src\hotspot\share\classfile\systemDictionary.cpp, line 312]
Event: 0.223 Thread 0x0000018b51bb9a90 Exception <a 'java/lang/ClassNotFoundException'{0x0000000092e0cfe0}: com/sun/swing/internal/plaf/basic/resources/spi/basicProvider> (0x0000000092e0cfe0) 
thrown [s\open\src\hotspot\share\classfile\systemDictionary.cpp, line 312]
Event: 0.230 Thread 0x0000018b51bb9a90 Exception <a 'java/lang/NoSuchMethodError'{0x0000000092e2c758}: 'int java.lang.invoke.Invokers$Holder.invokeExact_MT(java.lang.Object, java.lang.Object)'> (0x0000000092e2c758) 
thrown [s\open\src\hotspot\share\interpreter\linkResolver.cpp, line 773]
Event: 0.251 Thread 0x0000018b75b51f60 Exception <a 'java/lang/NoSuchMethodError'{0x0000000092e88140}: 'java.lang.Object java.lang.invoke.DirectMethodHandle$Holder.newInvokeSpecial(java.lang.Object, java.lang.Object, java.lang.Object, int, int, int, int, int)'> (0x0000000092e88140) 
thrown [s\open\src\hotspot\share\interpreter\linkResolver.cpp, line 773]
Event: 0.308 Thread 0x0000018b51bb9a90 Exception <a 'java/lang/NoSuchMethodError'{0x000000009270d210}: 'void java.lang.invoke.DirectMethodHandle$Holder.invokeStaticInit(java.lang.Object)'> (0x000000009270d210) 
thrown [s\open\src\hotspot\share\interpreter\linkResolver.cpp, line 773]

ZGC Phase Switch (0 events):
No events

VM Operations (8 events):
Event: 0.089 Executing VM operation: HandshakeAllThreads (Deoptimize)
Event: 0.089 Executing VM operation: HandshakeAllThreads (Deoptimize) done
Event: 0.222 Executing VM operation: HandshakeAllThreads (Deoptimize)
Event: 0.222 Executing VM operation: HandshakeAllThreads (Deoptimize) done
Event: 0.240 Executing VM operation: HandshakeAllThreads (Deoptimize)
Event: 0.240 Executing VM operation: HandshakeAllThreads (Deoptimize) done
Event: 0.242 Executing VM operation: HandshakeAllThreads (Deoptimize)
Event: 0.242 Executing VM operation: HandshakeAllThreads (Deoptimize) done

Events (18 events):
Event: 0.021 Thread 0x0000018b51bb9a90 Thread added: 0x0000018b51bb9a90
Event: 0.031 Thread 0x0000018b70e43e40 Thread added: 0x0000018b70e43e40
Event: 0.031 Thread 0x0000018b70e48d70 Thread added: 0x0000018b70e48d70
Event: 0.031 Thread 0x0000018b70e4c420 Thread added: 0x0000018b70e4c420
Event: 0.031 Thread 0x0000018b70e4f550 Thread added: 0x0000018b70e4f550
Event: 0.031 Thread 0x0000018b70e51bd0 Thread added: 0x0000018b70e51bd0
Event: 0.031 Thread 0x0000018b70e52240 Thread added: 0x0000018b70e52240
Event: 0.031 Thread 0x0000018b70e56d30 Thread added: 0x0000018b70e56d30
Event: 0.031 Thread 0x0000018b70e62b50 Thread added: 0x0000018b70e62b50
Event: 0.033 Thread 0x0000018b70e9df80 Thread added: 0x0000018b70e9df80
Event: 0.042 Thread 0x0000018b751a52a0 Thread added: 0x0000018b751a52a0
Event: 0.044 Thread 0x0000018b751a8940 Thread added: 0x0000018b751a8940
Event: 0.114 Thread 0x0000018b75323980 Thread added: 0x0000018b75323980
Event: 0.115 Thread 0x0000018b753276e0 Thread added: 0x0000018b753276e0
Event: 0.115 Thread 0x0000018b7532dc40 Thread added: 0x0000018b7532dc40
Event: 0.249 Thread 0x0000018b75b51f60 Thread added: 0x0000018b75b51f60
Event: 0.299 Thread 0x0000018b75a3cfd0 Thread added: 0x0000018b75a3cfd0
Event: 0.326 Thread 0x0000018b75b55190 Thread added: 0x0000018b75b55190


Dynamic libraries:
0x00007ff6187f0000 - 0x00007ff618800000 	C:\Program Files\Java\jdk-21\bin\java.exe
0x00007ff9c9970000 - 0x00007ff9c9b86000 	C:\WINDOWS\SYSTEM32\ntdll.dll
0x00007ff9c8610000 - 0x00007ff9c86d4000 	C:\WINDOWS\System32\KERNEL32.DLL
0x00007ff9c7010000 - 0x00007ff9c73b6000 	C:\WINDOWS\System32\KERNELBASE.dll
0x00007ff9c6d50000 - 0x00007ff9c6e61000 	C:\WINDOWS\System32\ucrtbase.dll
0x00007ff9b13b0000 - 0x00007ff9b13c9000 	C:\Program Files\Java\jdk-21\bin\jli.dll
0x00007ff9b1390000 - 0x00007ff9b13ab000 	C:\Program Files\Java\jdk-21\bin\VCRUNTIME140.dll
0x00007ff9c8f70000 - 0x00007ff9c9022000 	C:\WINDOWS\System32\ADVAPI32.dll
0x00007ff9c86e0000 - 0x00007ff9c8787000 	C:\WINDOWS\System32\msvcrt.dll
0x00007ff9c76d0000 - 0x00007ff9c7778000 	C:\WINDOWS\System32\sechost.dll
0x00007ff9c7610000 - 0x00007ff9c7638000 	C:\WINDOWS\System32\bcrypt.dll
0x00007ff9c9810000 - 0x00007ff9c9925000 	C:\WINDOWS\System32\RPCRT4.dll
0x00007ff9c7c00000 - 0x00007ff9c7dad000 	C:\WINDOWS\System32\USER32.dll
0x00007ff9c6e70000 - 0x00007ff9c6e96000 	C:\WINDOWS\System32\win32u.dll
0x00007ff9b5190000 - 0x00007ff9b5423000 	C:\WINDOWS\WinSxS\amd64_microsoft.windows.common-controls_6595b64144ccf1df_6.0.22621.3235_none_270f74e173860f98\COMCTL32.dll
0x00007ff9c9030000 - 0x00007ff9c9059000 	C:\WINDOWS\System32\GDI32.dll
0x00007ff9c73c0000 - 0x00007ff9c74d8000 	C:\WINDOWS\System32\gdi32full.dll
0x00007ff9c6cb0000 - 0x00007ff9c6d4a000 	C:\WINDOWS\System32\msvcp_win.dll
0x00007ff9bf640000 - 0x00007ff9bf64a000 	C:\WINDOWS\SYSTEM32\VERSION.dll
0x00007ff9c7bc0000 - 0x00007ff9c7bf1000 	C:\WINDOWS\System32\IMM32.DLL
0x00007ff9b37c0000 - 0x00007ff9b37cc000 	C:\Program Files\Java\jdk-21\bin\vcruntime140_1.dll
0x00007ff99be30000 - 0x00007ff99bebe000 	C:\Program Files\Java\jdk-21\bin\msvcp140.dll
0x00007ff971bb0000 - 0x00007ff9728c7000 	C:\Program Files\Java\jdk-21\bin\server\jvm.dll
0x00007ff9c7870000 - 0x00007ff9c78e1000 	C:\WINDOWS\System32\WS2_32.dll
0x00007ff9c6b80000 - 0x00007ff9c6bcd000 	C:\WINDOWS\SYSTEM32\POWRPROF.dll
0x00007ff9bea80000 - 0x00007ff9beab4000 	C:\WINDOWS\SYSTEM32\WINMM.dll
0x00007ff9c6b60000 - 0x00007ff9c6b73000 	C:\WINDOWS\SYSTEM32\UMPDC.dll
0x00007ff9c5cf0000 - 0x00007ff9c5d08000 	C:\WINDOWS\SYSTEM32\kernel.appcore.dll
0x00007ff9b36a0000 - 0x00007ff9b36aa000 	C:\Program Files\Java\jdk-21\bin\jimage.dll
0x00007ff9bd130000 - 0x00007ff9bd363000 	C:\WINDOWS\SYSTEM32\DBGHELP.DLL
0x00007ff9c8be0000 - 0x00007ff9c8f68000 	C:\WINDOWS\System32\combase.dll
0x00007ff9c7900000 - 0x00007ff9c79d7000 	C:\WINDOWS\System32\OLEAUT32.dll
0x00007ff9bcd20000 - 0x00007ff9bcd52000 	C:\WINDOWS\SYSTEM32\dbgcore.DLL
0x00007ff9c7640000 - 0x00007ff9c76ba000 	C:\WINDOWS\System32\bcryptPrimitives.dll
0x00007ff99cf30000 - 0x00007ff99cf4f000 	C:\Program Files\Java\jdk-21\bin\java.dll
0x00007ff9c7db0000 - 0x00007ff9c860d000 	C:\WINDOWS\System32\SHELL32.dll
0x00007ff9c4be0000 - 0x00007ff9c54d8000 	C:\WINDOWS\SYSTEM32\windows.storage.dll
0x00007ff9c4aa0000 - 0x00007ff9c4bde000 	C:\WINDOWS\SYSTEM32\wintypes.dll
0x00007ff9c7ac0000 - 0x00007ff9c7bb3000 	C:\WINDOWS\System32\SHCORE.dll
0x00007ff9c79e0000 - 0x00007ff9c7a3e000 	C:\WINDOWS\System32\shlwapi.dll
0x00007ff9c6be0000 - 0x00007ff9c6c06000 	C:\WINDOWS\SYSTEM32\profapi.dll
0x00007ff983440000 - 0x00007ff983517000 	C:\Program Files\Java\jdk-21\bin\jsvml.dll
0x00007ff9b3430000 - 0x00007ff9b3440000 	C:\Program Files\Java\jdk-21\bin\net.dll
0x00007ff9c17f0000 - 0x00007ff9c1927000 	C:\WINDOWS\SYSTEM32\WINHTTP.dll
0x00007ff9c6170000 - 0x00007ff9c61d9000 	C:\WINDOWS\system32\mswsock.dll
0x00007ff99c350000 - 0x00007ff99c366000 	C:\Program Files\Java\jdk-21\bin\nio.dll
0x00007ff99b290000 - 0x00007ff99b2a8000 	C:\Program Files\Java\jdk-21\bin\zip.dll
0x00007ff9814a0000 - 0x00007ff98162f000 	C:\Program Files\Java\jdk-21\bin\awt.dll
0x00007ff9c4010000 - 0x00007ff9c40a7000 	C:\WINDOWS\SYSTEM32\apphelp.dll
0x00007ff9c4430000 - 0x00007ff9c445b000 	C:\WINDOWS\system32\DWMAPI.DLL
0x00007ff9c41a0000 - 0x00007ff9c424b000 	C:\WINDOWS\system32\uxtheme.dll
0x00007ff96aa40000 - 0x00007ff96ab40000 	C:\WINDOWS\system32\opengl32.dll
0x00007ff969860000 - 0x00007ff96988d000 	C:\WINDOWS\SYSTEM32\GLU32.dll
0x00007ff9c42c0000 - 0x00007ff9c42f9000 	C:\WINDOWS\SYSTEM32\dxcore.dll
0x00007ff9c8a80000 - 0x00007ff9c8bd4000 	C:\WINDOWS\System32\MSCTF.dll
0x00007ff9c9670000 - 0x00007ff9c980f000 	C:\WINDOWS\System32\ole32.dll
0x00007ff96bad0000 - 0x00007ff96bc79000 	C:\WINDOWS\system32\d3d9.dll
0x00007ff9bb630000 - 0x00007ff9bb7eb000 	C:\WINDOWS\System32\DriverStore\FileRepository\u0383113.inf_amd64_9242eb4af0e982f6\B383140\aticfx64.dll
0x00007ff95b6c0000 - 0x00007ff95d48f000 	C:\WINDOWS\System32\DriverStore\FileRepository\u0383113.inf_amd64_9242eb4af0e982f6\B383140\amdxn64.dll
0x00007ff9c91f0000 - 0x00007ff9c9664000 	C:\WINDOWS\System32\SETUPAPI.dll
0x00007ff9c4300000 - 0x00007ff9c43f8000 	C:\WINDOWS\SYSTEM32\dxgi.dll
0x00007ff9bb530000 - 0x00007ff9bb565000 	C:\WINDOWS\SYSTEM32\amdihk64.dll
0x00007ff9c1660000 - 0x00007ff9c16aa000 	C:\WINDOWS\SYSTEM32\directxdatabasehelper.dll
0x00007ff99aa00000 - 0x00007ff99aa2e000 	C:\Program Files\Java\jdk-21\bin\javajpeg.dll
0x00007ff9863b0000 - 0x00007ff986437000 	C:\Program Files\Java\jdk-21\bin\freetype.dll
0x00007ff982c70000 - 0x00007ff982d52000 	C:\Program Files\Java\jdk-21\bin\fontmanager.dll
0x00007ff9c87b0000 - 0x00007ff9c8860000 	C:\WINDOWS\System32\clbcatq.dll
0x00007ff9c2a30000 - 0x00007ff9c2be0000 	C:\WINDOWS\SYSTEM32\WindowsCodecs.dll
0x00007ff9a7960000 - 0x00007ff9a79be000 	C:\WINDOWS\system32\dataexchange.dll
0x00007ff9be430000 - 0x00007ff9be6bf000 	C:\WINDOWS\system32\twinapi.appcore.dll
0x00007ff9b2820000 - 0x00007ff9b296a000 	C:\WINDOWS\SYSTEM32\textinputframework.dll

dbghelp: loaded successfully - version: 4.0.5 - missing functions: none
symbol engine: initialized successfully - sym options: 0x614 - pdb path: .;C:\Program Files\Java\jdk-21\bin;C:\WINDOWS\SYSTEM32;C:\WINDOWS\WinSxS\amd64_microsoft.windows.common-controls_6595b64144ccf1df_6.0.22621.3235_none_270f74e173860f98;C:\Program Files\Java\jdk-21\bin\server;C:\WINDOWS\System32\DriverStore\FileRepository\u0383113.inf_amd64_9242eb4af0e982f6\B383140

VM Arguments:
jvm_args: -XX:+ShowCodeDetailsInExceptionMessages 
java_command: newGUILogin
java_class_path (initial): C:\Users\ASUS\AppData\Roaming\Code\User\workspaceStorage\aad9f0d517ed63a3d6670c77b262a083\redhat.java\jdt_ws\laptrinhjava_eb9ebfa8\bin;d:\sqlserver\sqljdbc_12.6\enu\jars\mssql-jdbc-12.6.1.jre11.jar
Launcher Type: SUN_STANDARD

[Global flags]
     intx CICompilerCount                          = 12                                        {product} {ergonomic}
     uint ConcGCThreads                            = 3                                         {product} {ergonomic}
     uint G1ConcRefinementThreads                  = 13                                        {product} {ergonomic}
   size_t G1HeapRegionSize                         = 1048576                                   {product} {ergonomic}
    uintx GCDrainStackTargetSize                   = 64                                        {product} {ergonomic}
   size_t InitialHeapSize                          = 121634816                                 {product} {ergonomic}
   size_t MarkStackSize                            = 4194304                                   {product} {ergonomic}
   size_t MaxHeapSize                              = 1946157056                                {product} {ergonomic}
   size_t MaxNewSize                               = 1167065088                                {product} {ergonomic}
   size_t MinHeapDeltaBytes                        = 1048576                                   {product} {ergonomic}
   size_t MinHeapSize                              = 8388608                                   {product} {ergonomic}
    uintx NonNMethodCodeHeapSize                   = 7602480                                {pd product} {ergonomic}
    uintx NonProfiledCodeHeapSize                  = 122027880                              {pd product} {ergonomic}
    uintx ProfiledCodeHeapSize                     = 122027880                              {pd product} {ergonomic}
    uintx ReservedCodeCacheSize                    = 251658240                              {pd product} {ergonomic}
     bool SegmentedCodeCache                       = true                                      {product} {ergonomic}
     bool ShowCodeDetailsInExceptionMessages       = true                                   {manageable} {command line}
   size_t SoftMaxHeapSize                          = 1946157056                             {manageable} {ergonomic}
     bool UseCompressedOops                        = true                           {product lp64_product} {ergonomic}
     bool UseG1GC                                  = true                                      {product} {ergonomic}
     bool UseLargePagesIndividualAllocation        = false                                  {pd product} {ergonomic}

Logging:
Log output configuration:
 #0: stdout all=warning uptime,level,tags foldmultilines=false
 #1: stderr all=off uptime,level,tags foldmultilines=false

Environment Variables:
PATH=C:\Program Files (x86)\VMware\VMware Workstation\bin\;C:\Program Files\Common Files\Oracle\Java\javapath;C:\Program Files (x86)\Common Files\Oracle\Java\javapath;C:\Windows\system32;C:\Windows;C:\Windows\System32\Wbem;C:\Windows\System32\WindowsPowerShell\v1.0\;C:\Windows\System32\OpenSSH\;C:\Program Files (x86)\NVIDIA Corporation\PhysX\Common;C:\Program Files\NVIDIA Corporation\NVIDIA NvDLISR;C:\Program Files\dotnet\;C:\msys64\ucrt64\bin;C:\Program Files\Java\jdk-21\bin;C:\WINDOWS\system32;C:\WINDOWS;C:\WINDOWS\System32\Wbem;C:\WINDOWS\System32\WindowsPowerShell\v1.0\;C:\WINDOWS\System32\OpenSSH\;C:\Program Files\Git\cmd;C:\Program Files (x86)\Microsoft SQL Server\160\DTS\Binn\;C:\Program Files (x86)\Microsoft SQL Server\160\Tools\Binn\;C:\Program Files\Microsoft SQL Server\160\Tools\Binn\;C:\Program Files\Microsoft SQL Server\Client SDK\ODBC\170\Tools\Binn\;C:\Program Files\Microsoft SQL Server\160\DTS\Binn\;C:\Users\ASUS\AppData\Local\Microsoft\WindowsApps;C:\Users\ASUS\AppData\Local\Programs\Microsoft VS Code\bin;C:\Users\ASUS\AppData\Local\GitHubDesktop\bin
USERNAME=ASUS
LANG=en_US.UTF-8
OS=Windows_NT
PROCESSOR_IDENTIFIER=AMD64 Family 25 Model 68 Stepping 1, AuthenticAMD
TMP=C:\Users\ASUS\AppData\Local\Temp
TEMP=C:\Users\ASUS\AppData\Local\Temp




Periodic native trim disabled

---------------  S Y S T E M  ---------------

OS:
 Windows 11 , 64 bit Build 22621 (10.0.22621.3235)
OS uptime: 3 days 2:11 hours

CPU: total 16 (initial active 16) (16 cores per cpu, 2 threads per core) family 25 model 68 stepping 1 microcode 0x0, cx8, cmov, fxsr, ht, mmx, 3dnowpref, sse, sse2, sse3, ssse3, sse4a, sse4.1, sse4.2, popcnt, lzcnt, tsc, tscinvbit, avx, avx2, aes, clmul, bmi1, bmi2, adx, sha, fma, vzeroupper, clflush, clflushopt, rdtscp, rdpid, f16c, pku, cet_ss
Processor Information for all 16 processors :
  Max Mhz: 3201, Current Mhz: 3201, Mhz Limit: 3201

Memory: 4k page, system-wide physical 7421M (400M free)
TotalPageFile size 29949M (AvailPageFile size 3M)
current process WorkingSet (physical memory assigned to process): 94M, peak: 94M
current process commit charge ("private bytes"): 254M, peak: 255M

vm_info: Java HotSpot(TM) 64-Bit Server VM (21.0.2+13-LTS-58) for windows-amd64 JRE (21.0.2+13-LTS-58), built on 2024-01-05T18:32:24Z by "mach5one" with MS VC++ 17.1 (VS2022)

END.
